{"/Users/deekshi.ch/deekshitha/node/task-notes-api/src/config.ts": {"path":"/Users/deekshi.ch/deekshitha/node/task-notes-api/src/config.ts","statementMap":{"0":{"start":{"line":8,"column":2},"end":{"line":12,"column":null}}},"fnMap":{"0":{"name":"loadConfig","decl":{"start":{"line":7,"column":16},"end":{"line":7,"column":40}},"loc":{"start":{"line":7,"column":40},"end":{"line":13,"column":null}},"line":7}},"branchMap":{"0":{"loc":{"start":{"line":9,"column":19},"end":{"line":9,"column":45}},"type":"binary-expr","locations":[{"start":{"line":9,"column":19},"end":{"line":9,"column":39}},{"start":{"line":9,"column":39},"end":{"line":9,"column":45}}],"line":9},"1":{"loc":{"start":{"line":10,"column":14},"end":{"line":10,"column":null}},"type":"binary-expr","locations":[{"start":{"line":10,"column":14},"end":{"line":10,"column":39}},{"start":{"line":10,"column":39},"end":{"line":10,"column":null}}],"line":10},"2":{"loc":{"start":{"line":11,"column":10},"end":{"line":11,"column":null}},"type":"binary-expr","locations":[{"start":{"line":11,"column":10},"end":{"line":11,"column":42}},{"start":{"line":11,"column":42},"end":{"line":11,"column":null}}],"line":11}},"s":{"0":1},"f":{"0":1},"b":{"0":[1,1],"1":[1,1],"2":[1,0]},"meta":{"lastBranch":3,"lastFunction":1,"lastStatement":1,"seen":{"f:7:16:7:40":0,"s:8:2:12:Infinity":0,"b:9:19:9:39:9:39:9:45":0,"b:10:14:10:39:10:39:10:Infinity":1,"b:11:10:11:42:11:42:11:Infinity":2}}}
,"/Users/deekshi.ch/deekshitha/node/task-notes-api/src/database.ts": {"path":"/Users/deekshi.ch/deekshitha/node/task-notes-api/src/database.ts","statementMap":{"0":{"start":{"line":16,"column":4},"end":{"line":16,"column":null}},"1":{"start":{"line":17,"column":4},"end":{"line":17,"column":null}},"2":{"start":{"line":22,"column":4},"end":{"line":30,"column":null}},"3":{"start":{"line":36,"column":17},"end":{"line":39,"column":null}},"4":{"start":{"line":41,"column":19},"end":{"line":41,"column":null}},"5":{"start":{"line":43,"column":4},"end":{"line":49,"column":null}},"6":{"start":{"line":55,"column":17},"end":{"line":57,"column":null}},"7":{"start":{"line":59,"column":17},"end":{"line":59,"column":null}},"8":{"start":{"line":61,"column":4},"end":{"line":61,"column":null}},"9":{"start":{"line":66,"column":17},"end":{"line":68,"column":null}},"10":{"start":{"line":70,"column":17},"end":{"line":70,"column":null}},"11":{"start":{"line":72,"column":4},"end":{"line":72,"column":null}}},"fnMap":{"0":{"name":"(anonymous_0)","decl":{"start":{"line":15,"column":2},"end":{"line":15,"column":16}},"loc":{"start":{"line":15,"column":16},"end":{"line":18,"column":null}},"line":15},"1":{"name":"(anonymous_1)","decl":{"start":{"line":20,"column":10},"end":{"line":20,"column":17}},"loc":{"start":{"line":20,"column":17},"end":{"line":32,"column":null}},"line":20},"2":{"name":"(anonymous_2)","decl":{"start":{"line":34,"column":2},"end":{"line":34,"column":13}},"loc":{"start":{"line":34,"column":79},"end":{"line":51,"column":null}},"line":34},"3":{"name":"(anonymous_3)","decl":{"start":{"line":53,"column":2},"end":{"line":53,"column":17}},"loc":{"start":{"line":53,"column":45},"end":{"line":62,"column":null}},"line":53},"4":{"name":"(anonymous_4)","decl":{"start":{"line":64,"column":2},"end":{"line":64,"column":14}},"loc":{"start":{"line":64,"column":39},"end":{"line":73,"column":null}},"line":64}},"branchMap":{"0":{"loc":{"start":{"line":34,"column":50},"end":{"line":34,"column":79}},"type":"default-arg","locations":[{"start":{"line":34,"column":65},"end":{"line":34,"column":79}}],"line":34},"1":{"loc":{"start":{"line":61,"column":11},"end":{"line":61,"column":null}},"type":"binary-expr","locations":[{"start":{"line":61,"column":11},"end":{"line":61,"column":19}},{"start":{"line":61,"column":19},"end":{"line":61,"column":null}}],"line":61},"2":{"loc":{"start":{"line":72,"column":11},"end":{"line":72,"column":null}},"type":"binary-expr","locations":[{"start":{"line":72,"column":11},"end":{"line":72,"column":19}},{"start":{"line":72,"column":19},"end":{"line":72,"column":null}}],"line":72}},"s":{"0":1,"1":1,"2":1,"3":0,"4":0,"5":0,"6":0,"7":0,"8":0,"9":0,"10":0,"11":0},"f":{"0":1,"1":1,"2":0,"3":0,"4":0},"b":{"0":[0],"1":[0,0],"2":[0,0]},"meta":{"lastBranch":3,"lastFunction":5,"lastStatement":12,"seen":{"f:15:2:15:16":0,"s:16:4:16:Infinity":0,"s:17:4:17:Infinity":1,"f:20:10:20:17":1,"s:22:4:30:Infinity":2,"f:34:2:34:13":2,"b:34:65:34:79":0,"s:36:17:39:Infinity":3,"s:41:19:41:Infinity":4,"s:43:4:49:Infinity":5,"f:53:2:53:17":3,"s:55:17:57:Infinity":6,"s:59:17:59:Infinity":7,"s:61:4:61:Infinity":8,"b:61:11:61:19:61:19:61:Infinity":1,"f:64:2:64:14":4,"s:66:17:68:Infinity":9,"s:70:17:70:Infinity":10,"s:72:4:72:Infinity":11,"b:72:11:72:19:72:19:72:Infinity":2}}}
,"/Users/deekshi.ch/deekshitha/node/task-notes-api/src/logger.ts": {"path":"/Users/deekshi.ch/deekshitha/node/task-notes-api/src/logger.ts","statementMap":{"0":{"start":{"line":1,"column":22},"end":{"line":13,"column":null}},"1":{"start":{"line":3,"column":4},"end":{"line":3,"column":null}},"2":{"start":{"line":7,"column":4},"end":{"line":7,"column":null}},"3":{"start":{"line":11,"column":4},"end":{"line":11,"column":null}}},"fnMap":{"0":{"name":"(anonymous_0)","decl":{"start":{"line":2,"column":8},"end":{"line":2,"column":9}},"loc":{"start":{"line":2,"column":29},"end":{"line":4,"column":null}},"line":2},"1":{"name":"(anonymous_1)","decl":{"start":{"line":6,"column":9},"end":{"line":6,"column":10}},"loc":{"start":{"line":6,"column":30},"end":{"line":8,"column":null}},"line":6},"2":{"name":"(anonymous_2)","decl":{"start":{"line":10,"column":8},"end":{"line":10,"column":9}},"loc":{"start":{"line":10,"column":29},"end":{"line":12,"column":null}},"line":10}},"branchMap":{},"s":{"0":1,"1":1,"2":0,"3":0},"f":{"0":1,"1":0,"2":0},"b":{},"meta":{"lastBranch":0,"lastFunction":3,"lastStatement":4,"seen":{"s:1:22:13:Infinity":0,"f:2:8:2:9":0,"s:3:4:3:Infinity":1,"f:6:9:6:10":1,"s:7:4:7:Infinity":2,"f:10:8:10:9":2,"s:11:4:11:Infinity":3}}}
,"/Users/deekshi.ch/deekshitha/node/task-notes-api/src/server.ts": {"path":"/Users/deekshi.ch/deekshitha/node/task-notes-api/src/server.ts","statementMap":{"0":{"start":{"line":13,"column":22},"end":{"line":13,"column":41}},"1":{"start":{"line":14,"column":4},"end":{"line":14,"column":null}},"2":{"start":{"line":15,"column":4},"end":{"line":15,"column":null}},"3":{"start":{"line":19,"column":2},"end":{"line":19,"column":null}},"4":{"start":{"line":26,"column":4},"end":{"line":26,"column":null}},"5":{"start":{"line":27,"column":4},"end":{"line":27,"column":null}},"6":{"start":{"line":28,"column":4},"end":{"line":28,"column":null}},"7":{"start":{"line":31,"column":4},"end":{"line":34,"column":null}},"8":{"start":{"line":32,"column":6},"end":{"line":32,"column":null}},"9":{"start":{"line":33,"column":6},"end":{"line":33,"column":null}},"10":{"start":{"line":37,"column":4},"end":{"line":42,"column":null}},"11":{"start":{"line":38,"column":6},"end":{"line":41,"column":null}},"12":{"start":{"line":45,"column":4},"end":{"line":49,"column":null}},"13":{"start":{"line":46,"column":6},"end":{"line":48,"column":null}},"14":{"start":{"line":53,"column":4},"end":{"line":55,"column":null}},"15":{"start":{"line":54,"column":6},"end":{"line":54,"column":null}},"16":{"start":{"line":59,"column":4},"end":{"line":62,"column":null}},"17":{"start":{"line":60,"column":6},"end":{"line":60,"column":null}},"18":{"start":{"line":61,"column":6},"end":{"line":61,"column":null}}},"fnMap":{"0":{"name":"(anonymous_0)","decl":{"start":{"line":13,"column":2},"end":{"line":13,"column":22}},"loc":{"start":{"line":13,"column":41},"end":{"line":16,"column":null}},"line":13},"1":{"name":"(anonymous_1)","decl":{"start":{"line":18,"column":2},"end":{"line":18,"column":11}},"loc":{"start":{"line":18,"column":11},"end":{"line":20,"column":null}},"line":18},"2":{"name":"(anonymous_2)","decl":{"start":{"line":23,"column":10},"end":{"line":23,"column":27}},"loc":{"start":{"line":23,"column":27},"end":{"line":50,"column":null}},"line":23},"3":{"name":"(anonymous_3)","decl":{"start":{"line":31,"column":17},"end":{"line":31,"column":18}},"loc":{"start":{"line":31,"column":70},"end":{"line":34,"column":5}},"line":31},"4":{"name":"(anonymous_4)","decl":{"start":{"line":37,"column":28},"end":{"line":37,"column":29}},"loc":{"start":{"line":37,"column":61},"end":{"line":42,"column":5}},"line":37},"5":{"name":"(anonymous_5)","decl":{"start":{"line":45,"column":17},"end":{"line":45,"column":18}},"loc":{"start":{"line":45,"column":50},"end":{"line":49,"column":5}},"line":45},"6":{"name":"(anonymous_6)","decl":{"start":{"line":52,"column":8},"end":{"line":52,"column":31}},"loc":{"start":{"line":52,"column":31},"end":{"line":56,"column":null}},"line":52},"7":{"name":"(anonymous_7)","decl":{"start":{"line":53,"column":52},"end":{"line":53,"column":58}},"loc":{"start":{"line":53,"column":58},"end":{"line":55,"column":5}},"line":53},"8":{"name":"(anonymous_8)","decl":{"start":{"line":58,"column":8},"end":{"line":58,"column":30}},"loc":{"start":{"line":58,"column":30},"end":{"line":63,"column":null}},"line":58}},"branchMap":{"0":{"loc":{"start":{"line":59,"column":4},"end":{"line":62,"column":null}},"type":"if","locations":[{"start":{"line":59,"column":4},"end":{"line":62,"column":null}},{"start":{},"end":{}}],"line":59}},"s":{"0":1,"1":1,"2":1,"3":1,"4":1,"5":1,"6":1,"7":1,"8":1,"9":1,"10":1,"11":1,"12":1,"13":0,"14":0,"15":0,"16":0,"17":0,"18":0},"f":{"0":1,"1":1,"2":1,"3":1,"4":1,"5":0,"6":0,"7":0,"8":0},"b":{"0":[0,0]},"meta":{"lastBranch":1,"lastFunction":9,"lastStatement":19,"seen":{"f:13:2:13:22":0,"s:13:22:13:41":0,"s:14:4:14:Infinity":1,"s:15:4:15:Infinity":2,"f:18:2:18:11":1,"s:19:2:19:Infinity":3,"f:23:10:23:27":2,"s:26:4:26:Infinity":4,"s:27:4:27:Infinity":5,"s:28:4:28:Infinity":6,"s:31:4:34:Infinity":7,"f:31:17:31:18":3,"s:32:6:32:Infinity":8,"s:33:6:33:Infinity":9,"s:37:4:42:Infinity":10,"f:37:28:37:29":4,"s:38:6:41:Infinity":11,"s:45:4:49:Infinity":12,"f:45:17:45:18":5,"s:46:6:48:Infinity":13,"f:52:8:52:31":6,"s:53:4:55:Infinity":14,"f:53:52:53:58":7,"s:54:6:54:Infinity":15,"f:58:8:58:30":8,"b:59:4:62:Infinity:undefined:undefined:undefined:undefined":0,"s:59:4:62:Infinity":16,"s:60:6:60:Infinity":17,"s:61:6:61:Infinity":18}}}
,"/Users/deekshi.ch/deekshitha/node/task-notes-api/src/storage.ts": {"path":"/Users/deekshi.ch/deekshitha/node/task-notes-api/src/storage.ts","statementMap":{"0":{"start":{"line":5,"column":22},"end":{"line":5,"column":40}},"1":{"start":{"line":8,"column":4},"end":{"line":13,"column":null}},"2":{"start":{"line":9,"column":19},"end":{"line":9,"column":null}},"3":{"start":{"line":10,"column":6},"end":{"line":10,"column":null}},"4":{"start":{"line":12,"column":6},"end":{"line":12,"column":null}},"5":{"start":{"line":17,"column":17},"end":{"line":17,"column":null}},"6":{"start":{"line":18,"column":4},"end":{"line":18,"column":null}},"7":{"start":{"line":22,"column":20},"end":{"line":22,"column":null}},"8":{"start":{"line":24,"column":4},"end":{"line":26,"column":null}},"9":{"start":{"line":25,"column":6},"end":{"line":25,"column":null}}},"fnMap":{"0":{"name":"(anonymous_0)","decl":{"start":{"line":5,"column":2},"end":{"line":5,"column":22}},"loc":{"start":{"line":5,"column":40},"end":{"line":5,"column":null}},"line":5},"1":{"name":"(anonymous_1)","decl":{"start":{"line":7,"column":8},"end":{"line":7,"column":36}},"loc":{"start":{"line":7,"column":36},"end":{"line":14,"column":null}},"line":7},"2":{"name":"(anonymous_2)","decl":{"start":{"line":16,"column":8},"end":{"line":16,"column":18}},"loc":{"start":{"line":16,"column":47},"end":{"line":19,"column":null}},"line":16},"3":{"name":"(anonymous_3)","decl":{"start":{"line":21,"column":8},"end":{"line":21,"column":21}},"loc":{"start":{"line":21,"column":58},"end":{"line":27,"column":null}},"line":21},"4":{"name":"(anonymous_4)","decl":{"start":{"line":24,"column":33},"end":{"line":24,"column":39}},"loc":{"start":{"line":24,"column":39},"end":{"line":26,"column":5}},"line":24}},"branchMap":{},"s":{"0":1,"1":2,"2":2,"3":2,"4":0,"5":1,"6":1,"7":0,"8":0,"9":0},"f":{"0":1,"1":2,"2":1,"3":0,"4":0},"b":{},"meta":{"lastBranch":0,"lastFunction":5,"lastStatement":10,"seen":{"f:5:2:5:22":0,"s:5:22:5:40":0,"f:7:8:7:36":1,"s:8:4:13:Infinity":1,"s:9:19:9:Infinity":2,"s:10:6:10:Infinity":3,"s:12:6:12:Infinity":4,"f:16:8:16:18":2,"s:17:17:17:Infinity":5,"s:18:4:18:Infinity":6,"f:21:8:21:21":3,"s:22:20:22:Infinity":7,"s:24:4:26:Infinity":8,"f:24:33:24:39":4,"s:25:6:25:Infinity":9}}}
,"/Users/deekshi.ch/deekshitha/node/task-notes-api/src/auth/service.ts": {"path":"/Users/deekshi.ch/deekshitha/node/task-notes-api/src/auth/service.ts","statementMap":{"0":{"start":{"line":5,"column":15},"end":{"line":5,"column":null}},"1":{"start":{"line":14,"column":22},"end":{"line":14,"column":44}},"2":{"start":{"line":18,"column":17},"end":{"line":18,"column":null}},"3":{"start":{"line":20,"column":4},"end":{"line":20,"column":null}},"4":{"start":{"line":25,"column":17},"end":{"line":25,"column":null}},"5":{"start":{"line":27,"column":4},"end":{"line":29,"column":null}},"6":{"start":{"line":28,"column":6},"end":{"line":28,"column":null}},"7":{"start":{"line":31,"column":18},"end":{"line":31,"column":null}},"8":{"start":{"line":33,"column":4},"end":{"line":35,"column":null}},"9":{"start":{"line":34,"column":6},"end":{"line":34,"column":null}},"10":{"start":{"line":37,"column":18},"end":{"line":44,"column":null}},"11":{"start":{"line":46,"column":4},"end":{"line":46,"column":null}},"12":{"start":{"line":51,"column":4},"end":{"line":51,"column":null}}},"fnMap":{"0":{"name":"(anonymous_0)","decl":{"start":{"line":14,"column":2},"end":{"line":14,"column":22}},"loc":{"start":{"line":14,"column":44},"end":{"line":14,"column":null}},"line":14},"1":{"name":"(anonymous_1)","decl":{"start":{"line":16,"column":8},"end":{"line":16,"column":17}},"loc":{"start":{"line":16,"column":65},"end":{"line":21,"column":null}},"line":16},"2":{"name":"(anonymous_2)","decl":{"start":{"line":23,"column":8},"end":{"line":23,"column":14}},"loc":{"start":{"line":23,"column":64},"end":{"line":47,"column":null}},"line":23},"3":{"name":"(anonymous_3)","decl":{"start":{"line":49,"column":2},"end":{"line":49,"column":14}},"loc":{"start":{"line":49,"column":41},"end":{"line":52,"column":null}},"line":49}},"branchMap":{"0":{"loc":{"start":{"line":27,"column":4},"end":{"line":29,"column":null}},"type":"if","locations":[{"start":{"line":27,"column":4},"end":{"line":29,"column":null}},{"start":{},"end":{}}],"line":27},"1":{"loc":{"start":{"line":33,"column":4},"end":{"line":35,"column":null}},"type":"if","locations":[{"start":{"line":33,"column":4},"end":{"line":35,"column":null}},{"start":{},"end":{}}],"line":33}},"s":{"0":1,"1":1,"2":0,"3":0,"4":0,"5":0,"6":0,"7":0,"8":0,"9":0,"10":0,"11":0,"12":0},"f":{"0":1,"1":0,"2":0,"3":0},"b":{"0":[0,0],"1":[0,0]},"meta":{"lastBranch":2,"lastFunction":4,"lastStatement":13,"seen":{"s:5:15:5:Infinity":0,"f:14:2:14:22":0,"s:14:22:14:44":1,"f:16:8:16:17":1,"s:18:17:18:Infinity":2,"s:20:4:20:Infinity":3,"f:23:8:23:14":2,"s:25:17:25:Infinity":4,"b:27:4:29:Infinity:undefined:undefined:undefined:undefined":0,"s:27:4:29:Infinity":5,"s:28:6:28:Infinity":6,"s:31:18:31:Infinity":7,"b:33:4:35:Infinity:undefined:undefined:undefined:undefined":1,"s:33:4:35:Infinity":8,"s:34:6:34:Infinity":9,"s:37:18:44:Infinity":10,"s:46:4:46:Infinity":11,"f:49:2:49:14":3,"s:51:4:51:Infinity":12}}}
,"/Users/deekshi.ch/deekshitha/node/task-notes-api/src/routes/auth.ts": {"path":"/Users/deekshi.ch/deekshitha/node/task-notes-api/src/routes/auth.ts","statementMap":{"0":{"start":{"line":5,"column":13},"end":{"line":5,"column":null}},"1":{"start":{"line":7,"column":15},"end":{"line":7,"column":null}},"2":{"start":{"line":8,"column":20},"end":{"line":8,"column":null}},"3":{"start":{"line":10,"column":0},"end":{"line":27,"column":null}},"4":{"start":{"line":12,"column":30},"end":{"line":12,"column":null}},"5":{"start":{"line":14,"column":2},"end":{"line":25,"column":null}},"6":{"start":{"line":16,"column":17},"end":{"line":16,"column":null}},"7":{"start":{"line":18,"column":4},"end":{"line":21,"column":null}},"8":{"start":{"line":24,"column":4},"end":{"line":24,"column":null}},"9":{"start":{"line":29,"column":0},"end":{"line":43,"column":null}},"10":{"start":{"line":31,"column":30},"end":{"line":31,"column":null}},"11":{"start":{"line":33,"column":2},"end":{"line":41,"column":null}},"12":{"start":{"line":35,"column":18},"end":{"line":35,"column":null}},"13":{"start":{"line":37,"column":4},"end":{"line":37,"column":null}},"14":{"start":{"line":40,"column":4},"end":{"line":40,"column":null}}},"fnMap":{"0":{"name":"(anonymous_0)","decl":{"start":{"line":10,"column":29},"end":{"line":10,"column":36}},"loc":{"start":{"line":10,"column":49},"end":{"line":27,"column":1}},"line":10},"1":{"name":"(anonymous_1)","decl":{"start":{"line":29,"column":26},"end":{"line":29,"column":33}},"loc":{"start":{"line":29,"column":46},"end":{"line":43,"column":1}},"line":29}},"branchMap":{},"s":{"0":1,"1":1,"2":1,"3":1,"4":0,"5":0,"6":0,"7":0,"8":0,"9":1,"10":0,"11":0,"12":0,"13":0,"14":0},"f":{"0":0,"1":0},"b":{},"meta":{"lastBranch":0,"lastFunction":2,"lastStatement":15,"seen":{"s:5:13:5:Infinity":0,"s:7:15:7:Infinity":1,"s:8:20:8:Infinity":2,"s:10:0:27:Infinity":3,"f:10:29:10:36":0,"s:12:30:12:Infinity":4,"s:14:2:25:Infinity":5,"s:16:17:16:Infinity":6,"s:18:4:21:Infinity":7,"s:24:4:24:Infinity":8,"s:29:0:43:Infinity":9,"f:29:26:29:33":1,"s:31:30:31:Infinity":10,"s:33:2:41:Infinity":11,"s:35:18:35:Infinity":12,"s:37:4:37:Infinity":13,"s:40:4:40:Infinity":14}}}
,"/Users/deekshi.ch/deekshitha/node/task-notes-api/src/routes/tasks.ts": {"path":"/Users/deekshi.ch/deekshitha/node/task-notes-api/src/routes/tasks.ts","statementMap":{"0":{"start":{"line":7,"column":13},"end":{"line":7,"column":null}},"1":{"start":{"line":9,"column":16},"end":{"line":9,"column":null}},"2":{"start":{"line":15,"column":19},"end":{"line":19,"column":null}},"3":{"start":{"line":24,"column":0},"end":{"line":42,"column":null}},"4":{"start":{"line":26,"column":16},"end":{"line":26,"column":null}},"5":{"start":{"line":28,"column":15},"end":{"line":28,"column":null}},"6":{"start":{"line":29,"column":16},"end":{"line":29,"column":null}},"7":{"start":{"line":31,"column":8},"end":{"line":31,"column":null}},"8":{"start":{"line":32,"column":14},"end":{"line":32,"column":null}},"9":{"start":{"line":34,"column":20},"end":{"line":34,"column":null}},"10":{"start":{"line":36,"column":2},"end":{"line":41,"column":null}},"11":{"start":{"line":47,"column":0},"end":{"line":74,"column":null}},"12":{"start":{"line":49,"column":17},"end":{"line":49,"column":null}},"13":{"start":{"line":51,"column":2},"end":{"line":55,"column":null}},"14":{"start":{"line":52,"column":4},"end":{"line":54,"column":null}},"15":{"start":{"line":57,"column":16},"end":{"line":57,"column":null}},"16":{"start":{"line":59,"column":24},"end":{"line":67,"column":null}},"17":{"start":{"line":69,"column":2},"end":{"line":69,"column":null}},"18":{"start":{"line":71,"column":2},"end":{"line":71,"column":null}},"19":{"start":{"line":73,"column":2},"end":{"line":73,"column":null}},"20":{"start":{"line":79,"column":0},"end":{"line":90,"column":null}},"21":{"start":{"line":81,"column":16},"end":{"line":81,"column":null}},"22":{"start":{"line":83,"column":15},"end":{"line":83,"column":null}},"23":{"start":{"line":83,"column":39},"end":{"line":83,"column":61}},"24":{"start":{"line":85,"column":2},"end":{"line":87,"column":null}},"25":{"start":{"line":86,"column":4},"end":{"line":86,"column":null}},"26":{"start":{"line":89,"column":2},"end":{"line":89,"column":null}},"27":{"start":{"line":95,"column":0},"end":{"line":114,"column":null}},"28":{"start":{"line":97,"column":16},"end":{"line":97,"column":null}},"29":{"start":{"line":99,"column":16},"end":{"line":99,"column":null}},"30":{"start":{"line":99,"column":45},"end":{"line":99,"column":67}},"31":{"start":{"line":101,"column":2},"end":{"line":103,"column":null}},"32":{"start":{"line":102,"column":4},"end":{"line":102,"column":null}},"33":{"start":{"line":105,"column":2},"end":{"line":109,"column":null}},"34":{"start":{"line":111,"column":2},"end":{"line":111,"column":null}},"35":{"start":{"line":113,"column":2},"end":{"line":113,"column":null}},"36":{"start":{"line":119,"column":0},"end":{"line":130,"column":null}},"37":{"start":{"line":121,"column":16},"end":{"line":121,"column":null}},"38":{"start":{"line":123,"column":19},"end":{"line":123,"column":null}},"39":{"start":{"line":123,"column":45},"end":{"line":123,"column":67}},"40":{"start":{"line":125,"column":2},"end":{"line":125,"column":null}},"41":{"start":{"line":127,"column":2},"end":{"line":129,"column":null}}},"fnMap":{"0":{"name":"(anonymous_0)","decl":{"start":{"line":24,"column":20},"end":{"line":24,"column":27}},"loc":{"start":{"line":24,"column":59},"end":{"line":42,"column":1}},"line":24},"1":{"name":"(anonymous_1)","decl":{"start":{"line":47,"column":21},"end":{"line":47,"column":28}},"loc":{"start":{"line":47,"column":60},"end":{"line":74,"column":1}},"line":47},"2":{"name":"(anonymous_2)","decl":{"start":{"line":79,"column":23},"end":{"line":79,"column":30}},"loc":{"start":{"line":79,"column":62},"end":{"line":90,"column":1}},"line":79},"3":{"name":"(anonymous_3)","decl":{"start":{"line":83,"column":26},"end":{"line":83,"column":27}},"loc":{"start":{"line":83,"column":39},"end":{"line":83,"column":61}},"line":83},"4":{"name":"(anonymous_4)","decl":{"start":{"line":95,"column":23},"end":{"line":95,"column":30}},"loc":{"start":{"line":95,"column":62},"end":{"line":114,"column":1}},"line":95},"5":{"name":"(anonymous_5)","decl":{"start":{"line":99,"column":32},"end":{"line":99,"column":33}},"loc":{"start":{"line":99,"column":45},"end":{"line":99,"column":67}},"line":99},"6":{"name":"(anonymous_6)","decl":{"start":{"line":119,"column":26},"end":{"line":119,"column":33}},"loc":{"start":{"line":119,"column":65},"end":{"line":130,"column":1}},"line":119},"7":{"name":"(anonymous_7)","decl":{"start":{"line":123,"column":32},"end":{"line":123,"column":33}},"loc":{"start":{"line":123,"column":45},"end":{"line":123,"column":67}},"line":123}},"branchMap":{"0":{"loc":{"start":{"line":28,"column":15},"end":{"line":28,"column":null}},"type":"binary-expr","locations":[{"start":{"line":28,"column":15},"end":{"line":28,"column":41}},{"start":{"line":28,"column":41},"end":{"line":28,"column":null}}],"line":28},"1":{"loc":{"start":{"line":29,"column":16},"end":{"line":29,"column":null}},"type":"binary-expr","locations":[{"start":{"line":29,"column":16},"end":{"line":29,"column":43}},{"start":{"line":29,"column":43},"end":{"line":29,"column":null}}],"line":29},"2":{"loc":{"start":{"line":51,"column":2},"end":{"line":55,"column":null}},"type":"if","locations":[{"start":{"line":51,"column":2},"end":{"line":55,"column":null}},{"start":{},"end":{}}],"line":51},"3":{"loc":{"start":{"line":85,"column":2},"end":{"line":87,"column":null}},"type":"if","locations":[{"start":{"line":85,"column":2},"end":{"line":87,"column":null}},{"start":{},"end":{}}],"line":85},"4":{"loc":{"start":{"line":101,"column":2},"end":{"line":103,"column":null}},"type":"if","locations":[{"start":{"line":101,"column":2},"end":{"line":103,"column":null}},{"start":{},"end":{}}],"line":101}},"s":{"0":1,"1":1,"2":1,"3":1,"4":1,"5":1,"6":1,"7":1,"8":1,"9":1,"10":1,"11":1,"12":1,"13":1,"14":0,"15":1,"16":1,"17":1,"18":1,"19":1,"20":1,"21":0,"22":0,"23":0,"24":0,"25":0,"26":0,"27":1,"28":0,"29":0,"30":0,"31":0,"32":0,"33":0,"34":0,"35":0,"36":1,"37":0,"38":0,"39":0,"40":0,"41":0},"f":{"0":1,"1":1,"2":0,"3":0,"4":0,"5":0,"6":0,"7":0},"b":{"0":[1,1],"1":[1,1],"2":[0,1],"3":[0,0],"4":[0,0]},"meta":{"lastBranch":5,"lastFunction":8,"lastStatement":42,"seen":{"s:7:13:7:Infinity":0,"s:9:16:9:Infinity":1,"s:15:19:19:Infinity":2,"s:24:0:42:Infinity":3,"f:24:20:24:27":0,"s:26:16:26:Infinity":4,"s:28:15:28:Infinity":5,"b:28:15:28:41:28:41:28:Infinity":0,"s:29:16:29:Infinity":6,"b:29:16:29:43:29:43:29:Infinity":1,"s:31:8:31:Infinity":7,"s:32:14:32:Infinity":8,"s:34:20:34:Infinity":9,"s:36:2:41:Infinity":10,"s:47:0:74:Infinity":11,"f:47:21:47:28":1,"s:49:17:49:Infinity":12,"b:51:2:55:Infinity:undefined:undefined:undefined:undefined":2,"s:51:2:55:Infinity":13,"s:52:4:54:Infinity":14,"s:57:16:57:Infinity":15,"s:59:24:67:Infinity":16,"s:69:2:69:Infinity":17,"s:71:2:71:Infinity":18,"s:73:2:73:Infinity":19,"s:79:0:90:Infinity":20,"f:79:23:79:30":2,"s:81:16:81:Infinity":21,"s:83:15:83:Infinity":22,"f:83:26:83:27":3,"s:83:39:83:61":23,"b:85:2:87:Infinity:undefined:undefined:undefined:undefined":3,"s:85:2:87:Infinity":24,"s:86:4:86:Infinity":25,"s:89:2:89:Infinity":26,"s:95:0:114:Infinity":27,"f:95:23:95:30":4,"s:97:16:97:Infinity":28,"s:99:16:99:Infinity":29,"f:99:32:99:33":5,"s:99:45:99:67":30,"b:101:2:103:Infinity:undefined:undefined:undefined:undefined":4,"s:101:2:103:Infinity":31,"s:102:4:102:Infinity":32,"s:105:2:109:Infinity":33,"s:111:2:111:Infinity":34,"s:113:2:113:Infinity":35,"s:119:0:130:Infinity":36,"f:119:26:119:33":6,"s:121:16:121:Infinity":37,"s:123:19:123:Infinity":38,"f:123:32:123:33":7,"s:123:45:123:67":39,"s:125:2:125:Infinity":40,"s:127:2:129:Infinity":41}}}
}
